<?xml version="1.0" encoding="UTF-8"?>
<testsuite name="be.heh.composite.prjmagasin.MagasinTest" tests="3" skipped="0" failures="0" errors="0" timestamp="2021-03-05T14:42:05" hostname="MBP-de-Gianni.lan" time="0.002">
  <properties/>
  <testcase name="calculBeneficeUnMagasin" classname="be.heh.composite.prjmagasin.MagasinTest" time="0.001"/>
  <testcase name="calculBenefParProvince" classname="be.heh.composite.prjmagasin.MagasinTest" time="0.0"/>
  <testcase name="calculBenefParVille" classname="be.heh.composite.prjmagasin.MagasinTest" time="0.0"/>
  <system-out><![CDATA[]]></system-out>
  <system-err><![CDATA[]]></system-err>
</testsuite>
